-------------------------------------------------------------------------------
Test set: com.bejamas.tests.runners.FailedTestRunner
-------------------------------------------------------------------------------
Tests run: 1, Failures: 0, Errors: 1, Skipped: 0, Time elapsed: 0.155 s <<< FAILURE! - in com.bejamas.tests.runners.FailedTestRunner
initializationError(com.bejamas.tests.runners.FailedTestRunner)  Time elapsed: 0.006 s  <<< ERROR!
io.cucumber.core.exception.CucumberException: Failed to parse 'target/rerun.txt'
Caused by: java.nio.file.NoSuchFileException: target/rerun.txt

