<?xml version="1.0" encoding="UTF-8"?>
<testsuite xmlns:xsi="http://www.w3.org/2001/XMLSchema-instance" xsi:noNamespaceSchemaLocation="https://maven.apache.org/surefire/maven-surefire-plugin/xsd/surefire-test-report.xsd" name="com.bejamas.tests.runners.MyRunner" time="205.478" tests="12" errors="0" skipped="0" failures="3">
  <properties>
[...]
</properties>
  <testcase name="User can not see the counter badge if it is empty" classname="Add To Chart" time="14.106">
    <failure message="Verify the number of counter: 0" type="java.lang.AssertionError">java.lang.AssertionError: Verify the number of counter: 0
</failure>
    <system-out><![CDATA[
@Regression
Scenario: User can not see the counter badge if it is empty &amp#27;[90m# src/test/resources/features/addToChart.feature:8&amp#27;[0m
  &amp#27;[32mGiven &amp#27;[0m&amp#27;[32mthe user navigates to homepage&amp#27;[0m                      &amp#27;[90m# com.bejamas.tests.step_definitions.HomePageStepDefs.the_user_navigates_to_homepage()&amp#27;[0m
  &amp#27;[31mThen &amp#27;[0m&amp#27;[31mVerify that counter badge is NOT appear&amp#27;[0m              &amp#27;[90m# com.bejamas.tests.step_definitions.AddToChartStepDefs.verify_that_counter_badge_is_NOT_appear()&amp#27;[0m
      &amp#27;[31mjava.lang.AssertionError: Verify the number of counter: 0
	at org.junit.Assert.fail(Assert.java:89)
	at org.junit.Assert.assertTrue(Assert.java:42)
	at org.junit.Assert.assertFalse(Assert.java:65)
	at com.bejamas.tests.step_definitions.AddToChartStepDefs.verify_that_counter_badge_is_NOT_appear(AddToChartStepDefs.java:27)
	at ✽.Verify that counter badge is NOT appear(file:///Users/onur/IdeaProjects/Bejamas/src/test/resources/features/addToChart.feature:9)
&amp#27;[0m

    Embedding screenshot [image/png 1677718 bytes]

]]></system-out>
    <system-err><![CDATA[Apr 08, 2022 4:55:13 PM io.cucumber.junit.Cucumber <init>
WARNING: By default Cucumber is running in --non-strict mode.
This default will change to --strict and --non-strict will be removed.
You can use --strict or @CucumberOptions(strict = true) to suppress this warning
SLF4J: Failed to load class "org.slf4j.impl.StaticLoggerBinder".
SLF4J: Defaulting to no-operation (NOP) logger implementation
SLF4J: See http://www.slf4j.org/codes.html#StaticLoggerBinder for further details.
Starting ChromeDriver 100.0.4896.60 (6a5d10861ce8de5fce22564658033b43cb7de047-refs/branch-heads/4896@{#875}) on port 64108
Only local connections are allowed.
Please see https://chromedriver.chromium.org/security-considerations for suggestions on keeping ChromeDriver safe.
ChromeDriver was started successfully.
Apr 08, 2022 4:55:23 PM org.openqa.selenium.remote.ProtocolHandshake createSession
INFO: Detected dialect: W3C
Apr 08, 2022 4:55:23 PM org.openqa.selenium.devtools.CdpVersionFinder findNearestMatch
WARNING: Unable to find an exact match for CDP version 100, so returning the closest version found: 97
Apr 08, 2022 4:55:23 PM org.openqa.selenium.devtools.CdpVersionFinder findNearestMatch
INFO: Found CDP implementation for version 100 of 97
]]></system-err>
  </testcase>
  <testcase name="User can see the number of added items on the counter badge" classname="Add To Chart" time="13.241"/>
  <testcase name="User can see the dropdow for each Add to cart action" classname="Add To Chart" time="33.054"/>
  <testcase name="User can see dropdown by clicking busket icon" classname="Add To Chart" time="17.541"/>
  <testcase name="User can see the dropdow empty after clicking clear button" classname="Add To Chart" time="16.402"/>
  <testcase name="the product displays on the other products" classname="featured product" time="11.087"/>
  <testcase name="User sees the paginated page number under the page" classname="Pagination" time="11.32"/>
  <testcase name="User can change page by clicking page numbers" classname="Pagination" time="18.3"/>
  <testcase name="User can cahange pages by clicking &apos;next&apos; and &apos;prev&apos; arrows" classname="Pagination" time="23.902"/>
  <testcase name="The product list should contain 6 artworks" classname="Product List" time="12.01">
    <failure message="verify actual size expected:&lt;6&gt; but was:&lt;4&gt;" type="java.lang.AssertionError"><![CDATA[java.lang.AssertionError: verify actual size expected:<6> but was:<4>
]]></failure>
    <system-out><![CDATA[
@Regression
Scenario: The product list should contain 6 artworks &amp#27;[90m# src/test/resources/features/productList.feature:6&amp#27;[0m
  &amp#27;[32mGiven &amp#27;[0m&amp#27;[32mthe user navigates to homepage&amp#27;[0m               &amp#27;[90m# com.bejamas.tests.step_definitions.HomePageStepDefs.the_user_navigates_to_homepage()&amp#27;[0m
  &amp#27;[32mWhen &amp#27;[0m&amp#27;[32mthe user hover overs the product list&amp#27;[0m         &amp#27;[90m# com.bejamas.tests.step_definitions.ProductListStepDefs.the_user_hover_overs_the_product_list()&amp#27;[0m
  &amp#27;[31mThen &amp#27;[0m&amp#27;[31mverify the number of the product list is &amp#27;[0m&amp#27;[31m&amp#27;[1m6&amp#27;[0m    &amp#27;[90m# com.bejamas.tests.step_definitions.ProductListStepDefs.verify_the_number_of_the_product_list_is(int)&amp#27;[0m
      &amp#27;[31mjava.lang.AssertionError: verify actual size expected:<6> but was:<4>
	at org.junit.Assert.fail(Assert.java:89)
	at org.junit.Assert.failNotEquals(Assert.java:835)
	at org.junit.Assert.assertEquals(Assert.java:647)
	at com.bejamas.tests.step_definitions.ProductListStepDefs.verify_the_number_of_the_product_list_is(ProductListStepDefs.java:35)
	at ✽.verify the number of the product list is 6(file:///Users/onur/IdeaProjects/Bejamas/src/test/resources/features/productList.feature:8)
&amp#27;[0m

    Embedding screenshot [image/png 686033 bytes]

]]></system-out>
    <system-err><![CDATA[Starting ChromeDriver 100.0.4896.60 (6a5d10861ce8de5fce22564658033b43cb7de047-refs/branch-heads/4896@{#875}) on port 57461
Only local connections are allowed.
Please see https://chromedriver.chromium.org/security-considerations for suggestions on keeping ChromeDriver safe.
ChromeDriver was started successfully.
Apr 08, 2022 4:58:00 PM org.openqa.selenium.remote.ProtocolHandshake createSession
INFO: Detected dialect: W3C
Apr 08, 2022 4:58:00 PM org.openqa.selenium.devtools.CdpVersionFinder findNearestMatch
WARNING: Unable to find an exact match for CDP version 100, so returning the closest version found: 97
Apr 08, 2022 4:58:00 PM org.openqa.selenium.devtools.CdpVersionFinder findNearestMatch
INFO: Found CDP implementation for version 100 of 97
]]></system-err>
  </testcase>
  <testcase name="Hover over to product and see add to chart" classname="Product List" time="21.788"/>
  <testcase name="Best seller flag appears after hovering over the product" classname="Product List" time="12.206">
    <failure message="Verify Size of Best Sellers= 3" type="java.lang.AssertionError">java.lang.AssertionError: Verify Size of Best Sellers= 3
</failure>
    <system-out><![CDATA[
@Regression
Scenario: Best seller flag appears after hovering over the product  &amp#27;[90m# src/test/resources/features/productList.feature:15&amp#27;[0m
  &amp#27;[32mGiven &amp#27;[0m&amp#27;[32mthe user navigates to homepage&amp#27;[0m                              &amp#27;[90m# com.bejamas.tests.step_definitions.HomePageStepDefs.the_user_navigates_to_homepage()&amp#27;[0m
  &amp#27;[31mThen &amp#27;[0m&amp#27;[31mverify that Best Seller flag is disabled after hovering over&amp#27;[0m &amp#27;[90m# com.bejamas.tests.step_definitions.ProductListStepDefs.verifyThatBestSellerFlagIsDisabledAfterHoveringOver()&amp#27;[0m
      &amp#27;[31mjava.lang.AssertionError: Verify Size of Best Sellers= 3
	at org.junit.Assert.fail(Assert.java:89)
	at org.junit.Assert.assertTrue(Assert.java:42)
	at com.bejamas.tests.step_definitions.ProductListStepDefs.verifyThatBestSellerFlagIsDisabledAfterHoveringOver(ProductListStepDefs.java:81)
	at ✽.verify that Best Seller flag is disabled after hovering over(file:///Users/onur/IdeaProjects/Bejamas/src/test/resources/features/productList.feature:16)
&amp#27;[0m

    Embedding screenshot [image/png 1677718 bytes]

]]></system-out>
    <system-err><![CDATA[Starting ChromeDriver 100.0.4896.60 (6a5d10861ce8de5fce22564658033b43cb7de047-refs/branch-heads/4896@{#875}) on port 52797
Only local connections are allowed.
Please see https://chromedriver.chromium.org/security-considerations for suggestions on keeping ChromeDriver safe.
ChromeDriver was started successfully.
Apr 08, 2022 4:58:34 PM org.openqa.selenium.remote.ProtocolHandshake createSession
INFO: Detected dialect: W3C
Apr 08, 2022 4:58:34 PM org.openqa.selenium.devtools.CdpVersionFinder findNearestMatch
WARNING: Unable to find an exact match for CDP version 100, so returning the closest version found: 97
Apr 08, 2022 4:58:34 PM org.openqa.selenium.devtools.CdpVersionFinder findNearestMatch
INFO: Found CDP implementation for version 100 of 97
]]></system-err>
  </testcase>
</testsuite>